STEP translation to Solid Edge
Date: Thursday,January 12,2023 11:01AM
Source File: C:\Users\dfdye\Documents\GitHub\voron_mods\5015_flat_fan_bracket\Sunon MF50152VX-1L01C-Q99.stp
Author: UNSPECIFIED
Organization: UNSPECIFIED
Source System: C3D Toolkit

Hardware:
Processor: 11th Gen Intel(R) Core(TM) i9-11900H @ 2.50GHz
Operating System: Windows 10
Installed Memory: 15.68 GB

Software Information
Parasolid Version: 34.0.153
PSBodyShop Version: 34.0.110
Step Adapter Version: 9.0.92
Solid Edge Version: 222.00.00.132 x64

Step Import Options
Import Faceted Bodies: On
Import Check Bodies: Off
Import Curves: On
Import DoNotSave: On
Import Multiple Bodies As Single Part File: On
Import Stitch Surfaces: On
Import Boolean Solids: On
Make Base Feature: On
Simplify Geometry: On
Import Imprint Curves: On
Import Drive: C:
Import Stitch Surfaces: On
Import Surfaces: On
Import Output Path: C:\Users\dfdye\Documents\GitHub\voron_mods\5015_flat_fan_bracket
Import Enable Default Output Path: On
Import PMI: Off
Import As Internal Components: Off
Import Path: 

Translating to Parasolid data types...
+Begin Assembly: 1
+Created SE Assembly File C:\Users\dfdye\Documents\GitHub\voron_mods\5015_flat_fan_bracket\Sunon MF50152VX-1L01C-Q99.asm
|--+Created SE Part File C:\Users\dfdye\Documents\GitHub\voron_mods\5015_flat_fan_bracket\Sunon 5015.par
|--+Created SE Part File C:\Users\dfdye\Documents\GitHub\voron_mods\5015_flat_fan_bracket\Sunon 5015_0.par
|--+Created SE Part File C:\Users\dfdye\Documents\GitHub\voron_mods\5015_flat_fan_bracket\SUNON 5015_1.par
+Total Parts: 6
+Assemblies: 0
+Solid Bodies: 6
+Sheet Bodies: 0
+End Assembly: 1
Translation process completed
Total time required to translate and post process:00 : 00 : 01
